<?xml version="1.0" encoding="UTF-8"?>
<testsuite xmlns:xsi="http://www.w3.org/2001/XMLSchema-instance" xsi:noNamespaceSchemaLocation="https://maven.apache.org/surefire/maven-surefire-plugin/xsd/surefire-test-report.xsd" version="3.0.2" name="com.url.shortener.UrlShortenerSbApplicationTests" time="5.632" tests="1" errors="0" skipped="0" failures="0">
  <properties>
[...]
</properties>
  <testcase name="contextLoads" classname="com.url.shortener.UrlShortenerSbApplicationTests" time="0.462">
    <system-out><![CDATA[21:21:08.551 [main] INFO org.springframework.test.context.support.AnnotationConfigContextLoaderUtils -- Could not detect default configuration classes for test class [com.url.shortener.UrlShortenerSbApplicationTests]: UrlShortenerSbApplicationTests does not declare any static, non-private, non-final, nested classes annotated with @Configuration.
21:21:08.657 [main] INFO org.springframework.boot.test.context.SpringBootTestContextBootstrapper -- Found @SpringBootConfiguration com.url.shortener.UrlShortenerSbApplication for test class com.url.shortener.UrlShortenerSbApplicationTests

  .   ____          _            __ _ _
 /\\ / ___'_ __ _ _(_)_ __  __ _ \ \ \ \
( ( )\___ | '_ | '_| | '_ \/ _` | \ \ \ \
 \\/  ___)| |_)| | | | | || (_| |  ) ) ) )
  '  |____| .__|_| |_|_| |_\__, | / / / /
 =========|_|==============|___/=/_/_/_/

 :: Spring Boot ::                (v3.4.5)

2025-05-07T21:21:09.115+05:30  INFO 20120 --- [url-shortener-sb] [           main] c.u.s.UrlShortenerSbApplicationTests     : Starting UrlShortenerSbApplicationTests using Java 17.0.12 with PID 20120 (started by KIIT in C:\ULinkShortner\url-shortener-sb)
2025-05-07T21:21:09.117+05:30  INFO 20120 --- [url-shortener-sb] [           main] c.u.s.UrlShortenerSbApplicationTests     : No active profile set, falling back to 1 default profile: "default"
2025-05-07T21:21:09.885+05:30  INFO 20120 --- [url-shortener-sb] [           main] .s.d.r.c.RepositoryConfigurationDelegate : Bootstrapping Spring Data JPA repositories in DEFAULT mode.
2025-05-07T21:21:09.964+05:30  INFO 20120 --- [url-shortener-sb] [           main] .s.d.r.c.RepositoryConfigurationDelegate : Finished Spring Data repository scanning in 69 ms. Found 3 JPA repository interfaces.
2025-05-07T21:21:10.496+05:30  INFO 20120 --- [url-shortener-sb] [           main] o.hibernate.jpa.internal.util.LogHelper  : HHH000204: Processing PersistenceUnitInfo [name: default]
2025-05-07T21:21:10.560+05:30  INFO 20120 --- [url-shortener-sb] [           main] org.hibernate.Version                    : HHH000412: Hibernate ORM core version 6.6.13.Final
2025-05-07T21:21:10.605+05:30  INFO 20120 --- [url-shortener-sb] [           main] o.h.c.internal.RegionFactoryInitiator    : HHH000026: Second-level cache disabled
2025-05-07T21:21:10.974+05:30  INFO 20120 --- [url-shortener-sb] [           main] o.s.o.j.p.SpringPersistenceUnitInfo      : No LoadTimeWeaver setup: ignoring JPA class transformer
2025-05-07T21:21:11.009+05:30  INFO 20120 --- [url-shortener-sb] [           main] com.zaxxer.hikari.HikariDataSource       : HikariPool-1 - Starting...
2025-05-07T21:21:11.329+05:30  INFO 20120 --- [url-shortener-sb] [           main] com.zaxxer.hikari.pool.HikariPool        : HikariPool-1 - Added connection com.mysql.cj.jdbc.ConnectionImpl@4e8afdad
2025-05-07T21:21:11.333+05:30  INFO 20120 --- [url-shortener-sb] [           main] com.zaxxer.hikari.HikariDataSource       : HikariPool-1 - Start completed.
2025-05-07T21:21:11.385+05:30  WARN 20120 --- [url-shortener-sb] [           main] org.hibernate.orm.deprecation            : HHH90000025: MySQLDialect does not need to be specified explicitly using 'hibernate.dialect' (remove the property setting and it will be selected by default)
2025-05-07T21:21:11.403+05:30  INFO 20120 --- [url-shortener-sb] [           main] org.hibernate.orm.connections.pooling    : HHH10001005: Database info:
	Database JDBC URL [Connecting through datasource 'HikariDataSource (HikariPool-1)']
	Database driver: undefined/unknown
	Database version: 8.0.37
	Autocommit mode: undefined/unknown
	Isolation level: undefined/unknown
	Minimum pool size: undefined/unknown
	Maximum pool size: undefined/unknown
2025-05-07T21:21:12.219+05:30  INFO 20120 --- [url-shortener-sb] [           main] o.h.e.t.j.p.i.JtaPlatformInitiator       : HHH000489: No JTA platform available (set 'hibernate.transaction.jta.platform' to enable JTA platform integration)
2025-05-07T21:21:12.300+05:30  INFO 20120 --- [url-shortener-sb] [           main] j.LocalContainerEntityManagerFactoryBean : Initialized JPA EntityManagerFactory for persistence unit 'default'
2025-05-07T21:21:12.679+05:30  INFO 20120 --- [url-shortener-sb] [           main] eAuthenticationProviderManagerConfigurer : Global AuthenticationManager configured with AuthenticationProvider bean with name authenticationProvider
2025-05-07T21:21:12.679+05:30  WARN 20120 --- [url-shortener-sb] [           main] r$InitializeUserDetailsManagerConfigurer : Global AuthenticationManager configured with an AuthenticationProvider bean. UserDetailsService beans will not be used by Spring Security for automatically configuring username/password login. Consider removing the AuthenticationProvider bean. Alternatively, consider using the UserDetailsService in a manually instantiated DaoAuthenticationProvider. If the current configuration is intentional, to turn off this warning, increase the logging level of 'org.springframework.security.config.annotation.authentication.configuration.InitializeUserDetailsBeanManagerConfigurer' to ERROR
2025-05-07T21:21:12.770+05:30  WARN 20120 --- [url-shortener-sb] [           main] JpaBaseConfiguration$JpaWebConfiguration : spring.jpa.open-in-view is enabled by default. Therefore, database queries may be performed during view rendering. Explicitly configure spring.jpa.open-in-view to disable this warning
2025-05-07T21:21:13.183+05:30 DEBUG 20120 --- [url-shortener-sb] [           main] o.s.s.web.DefaultSecurityFilterChain     : Will secure any request with filters: DisableEncodeUrlFilter, WebAsyncManagerIntegrationFilter, SecurityContextHolderFilter, HeaderWriterFilter, LogoutFilter, JwtAuthenticationFilter, RequestCacheAwareFilter, SecurityContextHolderAwareRequestFilter, AnonymousAuthenticationFilter, ExceptionTranslationFilter, AuthorizationFilter
2025-05-07T21:21:13.567+05:30  INFO 20120 --- [url-shortener-sb] [           main] c.u.s.UrlShortenerSbApplicationTests     : Started UrlShortenerSbApplicationTests in 4.741 seconds (process running for 5.663)
]]></system-out>
  </testcase>
</testsuite>